[INFO ] 2024-10-28 14:14:51,337 TC001_AccountRegistrationTest.verify_account_resistration() - class testCases.TC001_AccountRegistrationTest*****test case has Started...********
[INFO ] 2024-10-28 14:14:51,557 TC001_AccountRegistrationTest.verify_account_resistration() - clicked on MyAccount Link...
[INFO ] 2024-10-28 14:14:53,161 TC001_AccountRegistrationTest.verify_account_resistration() - clicked on Register Link...
[INFO ] 2024-10-28 14:14:53,164 TC001_AccountRegistrationTest.verify_account_resistration() - Setting the info for Account registration...
[INFO ] 2024-10-28 14:14:57,341 TC001_AccountRegistrationTest.verify_account_resistration() - Validating the confirmation message...
[INFO ] 2024-10-28 14:14:57,401 TC001_AccountRegistrationTest.verify_account_resistration() - class testCases.TC001_AccountRegistrationTest****** Test case execution Finished...******
[INFO ] 2024-10-28 14:24:58,424 TC001_AccountRegistrationTest.verify_account_resistration() - class testCases.TC001_AccountRegistrationTest*****test case has Started...********
[INFO ] 2024-10-28 14:24:58,560 TC001_AccountRegistrationTest.verify_account_resistration() - clicked on MyAccount Link...
[INFO ] 2024-10-28 14:24:59,628 TC001_AccountRegistrationTest.verify_account_resistration() - clicked on Register Link...
[INFO ] 2024-10-28 14:24:59,633 TC001_AccountRegistrationTest.verify_account_resistration() - Setting the info for Account registration...
[INFO ] 2024-10-28 14:25:04,198 TC001_AccountRegistrationTest.verify_account_resistration() - Validating the confirmation message...
[INFO ] 2024-10-28 14:25:04,248 TC001_AccountRegistrationTest.verify_account_resistration() - class testCases.TC001_AccountRegistrationTest****** Test case execution Finished...******
[INFO ] 2024-10-28 14:25:58,258 TC001_AccountRegistrationTest.verify_account_resistration() - class testCases.TC001_AccountRegistrationTest*****test case has Started...********
[INFO ] 2024-10-28 14:25:58,406 TC001_AccountRegistrationTest.verify_account_resistration() - clicked on MyAccount Link...
[INFO ] 2024-10-28 14:25:59,968 TC001_AccountRegistrationTest.verify_account_resistration() - clicked on Register Link...
[INFO ] 2024-10-28 14:25:59,976 TC001_AccountRegistrationTest.verify_account_resistration() - Setting the info for Account registration...
[INFO ] 2024-10-28 14:26:04,417 TC001_AccountRegistrationTest.verify_account_resistration() - Validating the confirmation message...
[INFO ] 2024-10-28 14:26:04,468 TC001_AccountRegistrationTest.verify_account_resistration() - class testCases.TC001_AccountRegistrationTest****** Test case execution Finished...******
[INFO ] 2024-10-28 14:27:48,228 TC001_AccountRegistrationTest.verify_account_resistration() - class testCases.TC001_AccountRegistrationTest*****test case has Started...********
[INFO ] 2024-10-28 14:27:48,380 TC001_AccountRegistrationTest.verify_account_resistration() - clicked on MyAccount Link...
[INFO ] 2024-10-28 14:27:50,204 TC001_AccountRegistrationTest.verify_account_resistration() - clicked on Register Link...
[INFO ] 2024-10-28 14:27:50,209 TC001_AccountRegistrationTest.verify_account_resistration() - Setting the info for Account registration...
[INFO ] 2024-10-28 14:27:54,814 TC001_AccountRegistrationTest.verify_account_resistration() - Validating the confirmation message...
[ERROR] 2024-10-28 14:27:54,871 TC001_AccountRegistrationTest.verify_account_resistration() - Test failed...
[INFO ] 2024-10-28 14:30:15,780 TC001_AccountRegistrationTest.verify_account_resistration() - ******************************
[INFO ] 2024-10-28 14:30:15,785 TC001_AccountRegistrationTest.verify_account_resistration() - class testCases.TC001_AccountRegistrationTest*****test case has Started...********
[INFO ] 2024-10-28 14:30:15,895 TC001_AccountRegistrationTest.verify_account_resistration() - clicked on MyAccount Link...
[INFO ] 2024-10-28 14:30:17,355 TC001_AccountRegistrationTest.verify_account_resistration() - clicked on Register Link...
[INFO ] 2024-10-28 14:30:17,359 TC001_AccountRegistrationTest.verify_account_resistration() - Setting the info for Account registration...
[INFO ] 2024-10-28 14:30:21,804 TC001_AccountRegistrationTest.verify_account_resistration() - Validating the confirmation message...
[ERROR] 2024-10-28 14:30:21,851 TC001_AccountRegistrationTest.verify_account_resistration() - Test failed...
[INFO ] 2024-10-28 18:43:12,548 TC001_AccountRegistrationTest.verify_account_resistration() - ******************************
[INFO ] 2024-10-28 18:43:12,663 TC001_AccountRegistrationTest.verify_account_resistration() - class testCases.TC001_AccountRegistrationTest*****test case has Started...********
[INFO ] 2024-10-28 18:43:13,315 TC001_AccountRegistrationTest.verify_account_resistration() - clicked on MyAccount Link...
[INFO ] 2024-10-28 18:43:19,262 TC001_AccountRegistrationTest.verify_account_resistration() - clicked on Register Link...
[INFO ] 2024-10-28 18:43:19,268 TC001_AccountRegistrationTest.verify_account_resistration() - Setting the info for Account registration...
[INFO ] 2024-10-28 18:43:22,188 TC001_AccountRegistrationTest.verify_account_resistration() - ******************************
[INFO ] 2024-10-28 18:43:22,189 TC001_AccountRegistrationTest.verify_account_resistration() - class testCases.TC001_AccountRegistrationTest*****test case has Started...********
[INFO ] 2024-10-28 18:43:22,361 TC001_AccountRegistrationTest.verify_account_resistration() - clicked on MyAccount Link...
[INFO ] 2024-10-28 18:43:26,486 TC001_AccountRegistrationTest.verify_account_resistration() - clicked on Register Link...
[INFO ] 2024-10-28 18:43:26,495 TC001_AccountRegistrationTest.verify_account_resistration() - Setting the info for Account registration...
[INFO ] 2024-10-28 18:43:28,798 TC001_AccountRegistrationTest.verify_account_resistration() - Validating the confirmation message...
[ERROR] 2024-10-28 18:43:28,898 TC001_AccountRegistrationTest.verify_account_resistration() - Test failed...
[INFO ] 2024-10-28 18:43:34,797 TC001_AccountRegistrationTest.verify_account_resistration() - Validating the confirmation message...
[ERROR] 2024-10-28 18:43:34,903 TC001_AccountRegistrationTest.verify_account_resistration() - Test failed...
[INFO ] 2024-10-28 18:43:43,819 TC001_AccountRegistrationTest.verify_account_resistration() - ******************************
[INFO ] 2024-10-28 18:43:43,821 TC001_AccountRegistrationTest.verify_account_resistration() - class testCases.TC001_AccountRegistrationTest*****test case has Started...********
[INFO ] 2024-10-28 18:43:46,636 TC001_AccountRegistrationTest.verify_account_resistration() - clicked on MyAccount Link...
[INFO ] 2024-10-28 18:43:50,065 TC001_AccountRegistrationTest.verify_account_resistration() - clicked on Register Link...
[INFO ] 2024-10-28 18:43:50,066 TC001_AccountRegistrationTest.verify_account_resistration() - Setting the info for Account registration...
[INFO ] 2024-10-28 18:43:55,802 TC001_AccountRegistrationTest.verify_account_resistration() - Validating the confirmation message...
[ERROR] 2024-10-28 18:43:56,060 TC001_AccountRegistrationTest.verify_account_resistration() - Test failed...
[INFO ] 2024-10-28 19:27:17,966 TC001_AccountRegistrationTest.verify_account_resistration() - ******************************
[INFO ] 2024-10-28 19:27:17,971 TC001_AccountRegistrationTest.verify_account_resistration() - class testCases.TC001_AccountRegistrationTest*****test case has Started...********
[INFO ] 2024-10-28 19:27:18,112 TC001_AccountRegistrationTest.verify_account_resistration() - clicked on MyAccount Link...
[INFO ] 2024-10-28 19:27:19,449 TC001_AccountRegistrationTest.verify_account_resistration() - clicked on Register Link...
[INFO ] 2024-10-28 19:27:19,457 TC001_AccountRegistrationTest.verify_account_resistration() - Setting the info for Account registration...
[INFO ] 2024-10-28 19:27:23,775 TC001_AccountRegistrationTest.verify_account_resistration() - Validating the confirmation message...
[INFO ] 2024-10-28 19:27:23,844 TC001_AccountRegistrationTest.verify_account_resistration() - class testCases.TC001_AccountRegistrationTest****** Test case execution Finished...******
[INFO ] 2024-10-29 14:43:09,521 TC002_AccountLoginTest.verify_MyAccount_login() - **********************************
[INFO ] 2024-10-29 14:43:09,573 TC002_AccountLoginTest.verify_MyAccount_login() - class testCases.TC002_AccountLoginTest****verify_MyAccount_login test has been started...****
[INFO ] 2024-10-29 14:43:11,969 TC002_AccountLoginTest.verify_MyAccount_login() - login link has been cicked...
[INFO ] 2024-10-29 14:43:12,833 TC002_AccountLoginTest.verify_MyAccount_login() - email and password fields are filled...
[INFO ] 2024-10-29 14:43:14,041 TC002_AccountLoginTest.verify_MyAccount_login() - login button clicked...
[INFO ] 2024-10-29 14:49:22,160 TC002_AccountLoginTest.verify_MyAccount_login() - **********************************
[INFO ] 2024-10-29 14:49:22,164 TC002_AccountLoginTest.verify_MyAccount_login() - class testCases.TC002_AccountLoginTest****verify_MyAccount_login test has been started...****
[INFO ] 2024-10-29 14:49:24,055 TC002_AccountLoginTest.verify_MyAccount_login() - login link has been cicked...
[INFO ] 2024-10-29 14:49:24,419 TC002_AccountLoginTest.verify_MyAccount_login() - email and password fields are filled...
[INFO ] 2024-10-29 14:49:25,559 TC002_AccountLoginTest.verify_MyAccount_login() - login button clicked...
[INFO ] 2024-10-29 14:49:25,615 TC002_AccountLoginTest.verify_MyAccount_login() -  Validation msg confirmed...
[INFO ] 2024-10-29 14:49:25,616 TC002_AccountLoginTest.verify_MyAccount_login() - *****Test execution finished...*****
[INFO ] 2024-10-29 14:52:45,717 TC002_AccountLoginTest.verify_MyAccount_login() - **********************************
[INFO ] 2024-10-29 14:52:45,772 TC002_AccountLoginTest.verify_MyAccount_login() - class testCases.TC002_AccountLoginTest****verify_MyAccount_login test has been started...****
[INFO ] 2024-10-29 14:52:47,897 TC002_AccountLoginTest.verify_MyAccount_login() - login link has been cicked...
[INFO ] 2024-10-29 14:52:48,166 TC002_AccountLoginTest.verify_MyAccount_login() - email and password fields are filled...
[INFO ] 2024-10-29 14:52:49,946 TC002_AccountLoginTest.verify_MyAccount_login() - login button clicked...
[INFO ] 2024-10-29 14:52:49,999 TC002_AccountLoginTest.verify_MyAccount_login() -  Validation msg confirmed...
[INFO ] 2024-10-29 14:52:50,000 TC002_AccountLoginTest.verify_MyAccount_login() - *****Test execution finished...*****
[INFO ] 2024-10-29 14:55:05,171 Utils.info() - [TestNG] Running:
  D:\MyJava_WS\Opencartv3\master.xml

[INFO ] 2024-10-29 14:55:16,914 TC002_AccountLoginTest.verify_MyAccount_login() - **********************************
[INFO ] 2024-10-29 14:55:16,914 TC002_AccountLoginTest.verify_MyAccount_login() - class testCases.TC002_AccountLoginTest****verify_MyAccount_login test has been started...****
[INFO ] 2024-10-29 14:55:18,170 TC002_AccountLoginTest.verify_MyAccount_login() - login link has been cicked...
[INFO ] 2024-10-29 14:55:18,574 TC002_AccountLoginTest.verify_MyAccount_login() - email and password fields are filled...
[INFO ] 2024-10-29 14:55:19,825 TC002_AccountLoginTest.verify_MyAccount_login() - login button clicked...
[INFO ] 2024-10-29 14:55:19,903 TC002_AccountLoginTest.verify_MyAccount_login() -  Validation msg confirmed...
[INFO ] 2024-10-29 14:55:19,903 TC002_AccountLoginTest.verify_MyAccount_login() - *****Test execution finished...*****
[INFO ] 2024-10-29 18:55:31,682 Utils.info() - [TestNG] Running:
  D:\MyJava_WS\Opencartv3\master.xml

[INFO ] 2024-10-29 19:01:33,757 Utils.info() - [TestNG] Running:
  D:\MyJava_WS\Opencartv3\master.xml

[INFO ] 2024-10-29 19:09:15,168 Utils.info() - [TestNG] Running:
  D:\MyJava_WS\Opencartv3\master.xml

[INFO ] 2024-10-29 19:13:24,100 Utils.info() - [TestNG] Running:
  D:\MyJava_WS\Opencartv3\master.xml

[INFO ] 2024-10-29 19:16:12,872 Utils.info() - [TestNG] Running:
  D:\MyJava_WS\Opencartv3\master.xml

[INFO ] 2024-10-29 19:28:24,227 Utils.info() - [TestNG] Running:
  D:\MyJava_WS\Opencartv3\master.xml

[INFO ] 2024-10-29 19:28:43,937 TC003_AccountLogin_DDT_Test.loginTest_DDT() - *****************************
[INFO ] 2024-10-29 19:28:43,939 TC003_AccountLogin_DDT_Test.loginTest_DDT() - class testCases.TC003_AccountLogin_DDT_Test*****loginTest_DDT test has started...****
[INFO ] 2024-10-29 19:28:49,873 TC003_AccountLogin_DDT_Test.loginTest_DDT() - login link clicked...
[INFO ] 2024-10-29 19:28:50,591 TC003_AccountLogin_DDT_Test.loginTest_DDT() - login details passed and login button clicked...
[INFO ] 2024-10-29 19:28:52,570 TC003_AccountLogin_DDT_Test.loginTest_DDT() - test passed...
[INFO ] 2024-10-29 19:28:54,257 TC003_AccountLogin_DDT_Test.loginTest_DDT() - account logged out...
[INFO ] 2024-10-29 19:28:54,258 TC003_AccountLogin_DDT_Test.loginTest_DDT() - *****test finished...*****
[INFO ] 2024-10-29 19:28:54,269 TC003_AccountLogin_DDT_Test.loginTest_DDT() - *****************************
[INFO ] 2024-10-29 19:28:54,270 TC003_AccountLogin_DDT_Test.loginTest_DDT() - class testCases.TC003_AccountLogin_DDT_Test*****loginTest_DDT test has started...****
[INFO ] 2024-10-29 19:28:57,901 TC003_AccountLogin_DDT_Test.loginTest_DDT() - login link clicked...
[INFO ] 2024-10-29 19:28:58,304 TC003_AccountLogin_DDT_Test.loginTest_DDT() - login details passed and login button clicked...
[INFO ] 2024-10-29 19:29:10,746 TC003_AccountLogin_DDT_Test.loginTest_DDT() - test passed...
[INFO ] 2024-10-29 19:29:10,746 TC003_AccountLogin_DDT_Test.loginTest_DDT() - *****test finished...*****
[INFO ] 2024-10-29 19:29:10,762 TC003_AccountLogin_DDT_Test.loginTest_DDT() - *****************************
[INFO ] 2024-10-29 19:29:10,762 TC003_AccountLogin_DDT_Test.loginTest_DDT() - class testCases.TC003_AccountLogin_DDT_Test*****loginTest_DDT test has started...****
[INFO ] 2024-10-29 19:29:12,599 TC003_AccountLogin_DDT_Test.loginTest_DDT() - login link clicked...
[INFO ] 2024-10-29 19:29:13,099 TC003_AccountLogin_DDT_Test.loginTest_DDT() - login details passed and login button clicked...
[INFO ] 2024-10-29 19:29:24,676 TC003_AccountLogin_DDT_Test.loginTest_DDT() - test passed...
[INFO ] 2024-10-29 19:29:24,676 TC003_AccountLogin_DDT_Test.loginTest_DDT() - *****test finished...*****
[INFO ] 2024-10-29 19:29:24,689 TC003_AccountLogin_DDT_Test.loginTest_DDT() - *****************************
[INFO ] 2024-10-29 19:29:24,689 TC003_AccountLogin_DDT_Test.loginTest_DDT() - class testCases.TC003_AccountLogin_DDT_Test*****loginTest_DDT test has started...****
[INFO ] 2024-10-29 19:29:26,341 TC003_AccountLogin_DDT_Test.loginTest_DDT() - login link clicked...
[INFO ] 2024-10-29 19:29:26,679 TC003_AccountLogin_DDT_Test.loginTest_DDT() - login details passed and login button clicked...
[INFO ] 2024-10-29 19:29:37,768 TC003_AccountLogin_DDT_Test.loginTest_DDT() - test passed...
[INFO ] 2024-10-29 19:29:37,769 TC003_AccountLogin_DDT_Test.loginTest_DDT() - *****test finished...*****
[INFO ] 2024-10-29 19:29:37,779 TC003_AccountLogin_DDT_Test.loginTest_DDT() - *****************************
[INFO ] 2024-10-29 19:29:37,780 TC003_AccountLogin_DDT_Test.loginTest_DDT() - class testCases.TC003_AccountLogin_DDT_Test*****loginTest_DDT test has started...****
[INFO ] 2024-10-29 19:29:38,698 TC003_AccountLogin_DDT_Test.loginTest_DDT() - login link clicked...
[INFO ] 2024-10-29 19:38:09,941 Utils.info() - [TestNG] Running:
  D:\MyJava_WS\Opencartv3\master.xml

[INFO ] 2024-10-29 19:38:25,224 TC003_AccountLogin_DDT_Test.loginTest_DDT() - *****************************
[INFO ] 2024-10-29 19:38:25,224 TC003_AccountLogin_DDT_Test.loginTest_DDT() - class testCases.TC003_AccountLogin_DDT_Test*****loginTest_DDT test has started...****
[INFO ] 2024-10-29 19:38:27,430 TC003_AccountLogin_DDT_Test.loginTest_DDT() - login link clicked...
[INFO ] 2024-10-29 19:38:27,812 TC003_AccountLogin_DDT_Test.loginTest_DDT() - login details passed and login button clicked...
[INFO ] 2024-10-29 19:38:29,861 TC003_AccountLogin_DDT_Test.loginTest_DDT() - test passed...
[INFO ] 2024-10-29 19:38:31,441 TC003_AccountLogin_DDT_Test.loginTest_DDT() - account logged out...
[INFO ] 2024-10-29 19:38:31,441 TC003_AccountLogin_DDT_Test.loginTest_DDT() - *****test finished...*****
[INFO ] 2024-10-29 19:38:31,464 TC003_AccountLogin_DDT_Test.loginTest_DDT() - *****************************
[INFO ] 2024-10-29 19:38:31,466 TC003_AccountLogin_DDT_Test.loginTest_DDT() - class testCases.TC003_AccountLogin_DDT_Test*****loginTest_DDT test has started...****
[INFO ] 2024-10-29 19:38:32,623 TC003_AccountLogin_DDT_Test.loginTest_DDT() - login link clicked...
[INFO ] 2024-10-29 19:38:32,902 TC003_AccountLogin_DDT_Test.loginTest_DDT() - login details passed and login button clicked...
[INFO ] 2024-10-29 19:38:44,374 TC003_AccountLogin_DDT_Test.loginTest_DDT() - test passed...
[INFO ] 2024-10-29 19:38:44,374 TC003_AccountLogin_DDT_Test.loginTest_DDT() - *****test finished...*****
[INFO ] 2024-10-29 19:38:44,380 TC003_AccountLogin_DDT_Test.loginTest_DDT() - *****************************
[INFO ] 2024-10-29 19:38:44,380 TC003_AccountLogin_DDT_Test.loginTest_DDT() - class testCases.TC003_AccountLogin_DDT_Test*****loginTest_DDT test has started...****
[INFO ] 2024-10-29 19:38:47,253 TC003_AccountLogin_DDT_Test.loginTest_DDT() - login link clicked...
[INFO ] 2024-10-29 19:38:47,656 TC003_AccountLogin_DDT_Test.loginTest_DDT() - login details passed and login button clicked...
[INFO ] 2024-10-29 19:38:58,822 TC003_AccountLogin_DDT_Test.loginTest_DDT() - test passed...
[INFO ] 2024-10-29 19:38:58,823 TC003_AccountLogin_DDT_Test.loginTest_DDT() - *****test finished...*****
[INFO ] 2024-10-29 19:38:58,828 TC003_AccountLogin_DDT_Test.loginTest_DDT() - *****************************
[INFO ] 2024-10-29 19:38:58,828 TC003_AccountLogin_DDT_Test.loginTest_DDT() - class testCases.TC003_AccountLogin_DDT_Test*****loginTest_DDT test has started...****
[INFO ] 2024-10-29 19:39:02,565 TC003_AccountLogin_DDT_Test.loginTest_DDT() - login link clicked...
[INFO ] 2024-10-29 19:39:02,832 TC003_AccountLogin_DDT_Test.loginTest_DDT() - login details passed and login button clicked...
[INFO ] 2024-10-29 19:39:14,549 TC003_AccountLogin_DDT_Test.loginTest_DDT() - test passed...
[INFO ] 2024-10-29 19:39:14,550 TC003_AccountLogin_DDT_Test.loginTest_DDT() - *****test finished...*****
[INFO ] 2024-10-29 19:39:14,562 TC003_AccountLogin_DDT_Test.loginTest_DDT() - *****************************
[INFO ] 2024-10-29 19:39:14,562 TC003_AccountLogin_DDT_Test.loginTest_DDT() - class testCases.TC003_AccountLogin_DDT_Test*****loginTest_DDT test has started...****
[INFO ] 2024-10-29 19:39:15,286 TC003_AccountLogin_DDT_Test.loginTest_DDT() - login link clicked...
[INFO ] 2024-10-29 19:41:18,071 Utils.info() - [TestNG] Running:
  D:\MyJava_WS\Opencartv3\master.xml

[INFO ] 2024-10-29 19:41:31,891 TC003_AccountLogin_DDT_Test.loginTest_DDT() - *****************************
[INFO ] 2024-10-29 19:41:31,892 TC003_AccountLogin_DDT_Test.loginTest_DDT() - class testCases.TC003_AccountLogin_DDT_Test*****loginTest_DDT test has started...****
[INFO ] 2024-10-29 19:41:33,180 TC003_AccountLogin_DDT_Test.loginTest_DDT() - login link clicked...
[INFO ] 2024-10-29 19:41:33,246 TC003_AccountLogin_DDT_Test.loginTest_DDT() - *****************************
[INFO ] 2024-10-29 19:41:33,246 TC003_AccountLogin_DDT_Test.loginTest_DDT() - class testCases.TC003_AccountLogin_DDT_Test*****loginTest_DDT test has started...****
[INFO ] 2024-10-29 19:41:34,421 TC003_AccountLogin_DDT_Test.loginTest_DDT() - login link clicked...
[INFO ] 2024-10-29 19:41:34,456 TC003_AccountLogin_DDT_Test.loginTest_DDT() - *****************************
[INFO ] 2024-10-29 19:41:34,456 TC003_AccountLogin_DDT_Test.loginTest_DDT() - class testCases.TC003_AccountLogin_DDT_Test*****loginTest_DDT test has started...****
[INFO ] 2024-10-29 19:41:35,321 TC003_AccountLogin_DDT_Test.loginTest_DDT() - login link clicked...
[INFO ] 2024-10-29 19:41:35,342 TC003_AccountLogin_DDT_Test.loginTest_DDT() - *****************************
[INFO ] 2024-10-29 19:41:35,342 TC003_AccountLogin_DDT_Test.loginTest_DDT() - class testCases.TC003_AccountLogin_DDT_Test*****loginTest_DDT test has started...****
[INFO ] 2024-10-29 19:41:36,469 TC003_AccountLogin_DDT_Test.loginTest_DDT() - login link clicked...
[INFO ] 2024-10-29 19:41:36,490 TC003_AccountLogin_DDT_Test.loginTest_DDT() - *****************************
[INFO ] 2024-10-29 19:41:36,491 TC003_AccountLogin_DDT_Test.loginTest_DDT() - class testCases.TC003_AccountLogin_DDT_Test*****loginTest_DDT test has started...****
[INFO ] 2024-10-29 19:41:37,750 TC003_AccountLogin_DDT_Test.loginTest_DDT() - login link clicked...
[INFO ] 2024-10-29 19:43:50,167 Utils.info() - [TestNG] Running:
  D:\MyJava_WS\Opencartv3\master.xml

[INFO ] 2024-10-29 19:44:03,350 TC003_AccountLogin_DDT_Test.loginTest_DDT() - *****************************
[INFO ] 2024-10-29 19:44:03,350 TC003_AccountLogin_DDT_Test.loginTest_DDT() - class testCases.TC003_AccountLogin_DDT_Test*****loginTest_DDT test has started...****
[INFO ] 2024-10-29 19:44:04,984 TC003_AccountLogin_DDT_Test.loginTest_DDT() - login link clicked...
[INFO ] 2024-10-29 19:44:05,055 TC003_AccountLogin_DDT_Test.loginTest_DDT() - *****************************
[INFO ] 2024-10-29 19:44:05,055 TC003_AccountLogin_DDT_Test.loginTest_DDT() - class testCases.TC003_AccountLogin_DDT_Test*****loginTest_DDT test has started...****
[INFO ] 2024-10-29 19:44:06,375 TC003_AccountLogin_DDT_Test.loginTest_DDT() - login link clicked...
[INFO ] 2024-10-29 19:44:06,402 TC003_AccountLogin_DDT_Test.loginTest_DDT() - *****************************
[INFO ] 2024-10-29 19:44:06,402 TC003_AccountLogin_DDT_Test.loginTest_DDT() - class testCases.TC003_AccountLogin_DDT_Test*****loginTest_DDT test has started...****
[INFO ] 2024-10-29 19:44:07,689 TC003_AccountLogin_DDT_Test.loginTest_DDT() - login link clicked...
[INFO ] 2024-10-29 19:44:07,733 TC003_AccountLogin_DDT_Test.loginTest_DDT() - *****************************
[INFO ] 2024-10-29 19:44:07,733 TC003_AccountLogin_DDT_Test.loginTest_DDT() - class testCases.TC003_AccountLogin_DDT_Test*****loginTest_DDT test has started...****
[INFO ] 2024-10-29 19:44:08,898 TC003_AccountLogin_DDT_Test.loginTest_DDT() - login link clicked...
[INFO ] 2024-10-29 19:44:08,921 TC003_AccountLogin_DDT_Test.loginTest_DDT() - *****************************
[INFO ] 2024-10-29 19:44:08,922 TC003_AccountLogin_DDT_Test.loginTest_DDT() - class testCases.TC003_AccountLogin_DDT_Test*****loginTest_DDT test has started...****
[INFO ] 2024-10-29 19:44:09,951 TC003_AccountLogin_DDT_Test.loginTest_DDT() - login link clicked...
[INFO ] 2024-10-29 19:48:45,301 Utils.info() - [TestNG] Running:
  D:\MyJava_WS\Opencartv3\master.xml

[INFO ] 2024-10-29 19:48:57,549 TC003_AccountLogin_DDT_Test.loginTest_DDT() - *****************************
[INFO ] 2024-10-29 19:48:57,549 TC003_AccountLogin_DDT_Test.loginTest_DDT() - class testCases.TC003_AccountLogin_DDT_Test*****loginTest_DDT test has started...****
[INFO ] 2024-10-29 19:48:58,958 TC003_AccountLogin_DDT_Test.loginTest_DDT() - login link clicked...
[INFO ] 2024-10-29 19:48:59,497 TC003_AccountLogin_DDT_Test.loginTest_DDT() - login details passed and login button clicked...
[INFO ] 2024-10-29 19:49:01,375 TC003_AccountLogin_DDT_Test.loginTest_DDT() - test passed...
[INFO ] 2024-10-29 19:49:02,787 TC003_AccountLogin_DDT_Test.loginTest_DDT() - account logged out...
[INFO ] 2024-10-29 19:49:02,787 TC003_AccountLogin_DDT_Test.loginTest_DDT() - *****test finished...*****
[INFO ] 2024-10-29 19:49:02,799 TC003_AccountLogin_DDT_Test.loginTest_DDT() - *****************************
[INFO ] 2024-10-29 19:49:02,799 TC003_AccountLogin_DDT_Test.loginTest_DDT() - class testCases.TC003_AccountLogin_DDT_Test*****loginTest_DDT test has started...****
[INFO ] 2024-10-29 19:49:04,244 TC003_AccountLogin_DDT_Test.loginTest_DDT() - login link clicked...
[INFO ] 2024-10-29 19:49:04,536 TC003_AccountLogin_DDT_Test.loginTest_DDT() - login details passed and login button clicked...
[INFO ] 2024-10-29 19:49:15,902 TC003_AccountLogin_DDT_Test.loginTest_DDT() - test passed...
[INFO ] 2024-10-29 19:49:15,903 TC003_AccountLogin_DDT_Test.loginTest_DDT() - *****test finished...*****
[INFO ] 2024-10-29 19:49:15,915 TC003_AccountLogin_DDT_Test.loginTest_DDT() - *****************************
[INFO ] 2024-10-29 19:49:15,915 TC003_AccountLogin_DDT_Test.loginTest_DDT() - class testCases.TC003_AccountLogin_DDT_Test*****loginTest_DDT test has started...****
[INFO ] 2024-10-29 19:49:16,836 TC003_AccountLogin_DDT_Test.loginTest_DDT() - login link clicked...
[INFO ] 2024-10-29 19:49:17,173 TC003_AccountLogin_DDT_Test.loginTest_DDT() - login details passed and login button clicked...
[INFO ] 2024-10-29 19:49:29,124 TC003_AccountLogin_DDT_Test.loginTest_DDT() - test passed...
[INFO ] 2024-10-29 19:49:29,125 TC003_AccountLogin_DDT_Test.loginTest_DDT() - *****test finished...*****
[INFO ] 2024-10-29 19:49:29,133 TC003_AccountLogin_DDT_Test.loginTest_DDT() - *****************************
[INFO ] 2024-10-29 19:49:29,134 TC003_AccountLogin_DDT_Test.loginTest_DDT() - class testCases.TC003_AccountLogin_DDT_Test*****loginTest_DDT test has started...****
[INFO ] 2024-10-29 19:49:29,913 TC003_AccountLogin_DDT_Test.loginTest_DDT() - login link clicked...
[INFO ] 2024-10-29 19:49:30,128 TC003_AccountLogin_DDT_Test.loginTest_DDT() - login details passed and login button clicked...
[INFO ] 2024-10-29 19:49:40,654 TC003_AccountLogin_DDT_Test.loginTest_DDT() - test passed...
[INFO ] 2024-10-29 19:49:40,654 TC003_AccountLogin_DDT_Test.loginTest_DDT() - *****test finished...*****
[INFO ] 2024-10-29 19:49:40,665 TC003_AccountLogin_DDT_Test.loginTest_DDT() - *****************************
[INFO ] 2024-10-29 19:49:40,665 TC003_AccountLogin_DDT_Test.loginTest_DDT() - class testCases.TC003_AccountLogin_DDT_Test*****loginTest_DDT test has started...****
[INFO ] 2024-10-29 19:49:41,405 TC003_AccountLogin_DDT_Test.loginTest_DDT() - login link clicked...
[INFO ] 2024-10-29 19:51:19,526 Utils.info() - [TestNG] Running:
  D:\MyJava_WS\Opencartv3\master.xml

[INFO ] 2024-10-29 19:57:15,991 Utils.info() - [TestNG] Running:
  D:\MyJava_WS\Opencartv3\master.xml

[INFO ] 2024-10-29 19:57:32,456 TC003_AccountLogin_DDT_Test.loginTest_DDT() - *****************************
[INFO ] 2024-10-29 19:57:32,457 TC003_AccountLogin_DDT_Test.loginTest_DDT() - class testCases.TC003_AccountLogin_DDT_Test*****loginTest_DDT test has started...****
[INFO ] 2024-10-29 19:57:36,306 TC003_AccountLogin_DDT_Test.loginTest_DDT() - login link clicked...
[INFO ] 2024-10-29 19:57:36,821 TC003_AccountLogin_DDT_Test.loginTest_DDT() - login details passed and login button clicked...
[INFO ] 2024-10-29 19:57:49,444 TC003_AccountLogin_DDT_Test.loginTest_DDT() - *****test finished...*****
[INFO ] 2024-10-29 19:57:49,468 TC003_AccountLogin_DDT_Test.loginTest_DDT() - *****************************
[INFO ] 2024-10-29 19:57:49,469 TC003_AccountLogin_DDT_Test.loginTest_DDT() - class testCases.TC003_AccountLogin_DDT_Test*****loginTest_DDT test has started...****
[INFO ] 2024-10-29 19:57:51,510 TC003_AccountLogin_DDT_Test.loginTest_DDT() - login link clicked...
[INFO ] 2024-10-29 19:57:51,937 TC003_AccountLogin_DDT_Test.loginTest_DDT() - login details passed and login button clicked...
[INFO ] 2024-10-29 19:57:54,689 TC003_AccountLogin_DDT_Test.loginTest_DDT() - test passed...
[INFO ] 2024-10-29 19:57:57,325 TC003_AccountLogin_DDT_Test.loginTest_DDT() - account logged out...
[INFO ] 2024-10-29 19:57:57,325 TC003_AccountLogin_DDT_Test.loginTest_DDT() - *****test finished...*****
[INFO ] 2024-10-29 19:57:57,341 TC003_AccountLogin_DDT_Test.loginTest_DDT() - *****************************
[INFO ] 2024-10-29 19:57:57,342 TC003_AccountLogin_DDT_Test.loginTest_DDT() - class testCases.TC003_AccountLogin_DDT_Test*****loginTest_DDT test has started...****
[INFO ] 2024-10-29 19:57:58,942 TC003_AccountLogin_DDT_Test.loginTest_DDT() - login link clicked...
[INFO ] 2024-10-29 19:57:59,410 TC003_AccountLogin_DDT_Test.loginTest_DDT() - login details passed and login button clicked...
[INFO ] 2024-10-29 19:58:10,914 TC003_AccountLogin_DDT_Test.loginTest_DDT() - test passed...
[INFO ] 2024-10-29 19:58:10,915 TC003_AccountLogin_DDT_Test.loginTest_DDT() - *****test finished...*****
[INFO ] 2024-10-29 19:58:10,925 TC003_AccountLogin_DDT_Test.loginTest_DDT() - *****************************
[INFO ] 2024-10-29 19:58:10,925 TC003_AccountLogin_DDT_Test.loginTest_DDT() - class testCases.TC003_AccountLogin_DDT_Test*****loginTest_DDT test has started...****
[INFO ] 2024-10-29 19:58:12,190 TC003_AccountLogin_DDT_Test.loginTest_DDT() - login link clicked...
[INFO ] 2024-10-29 19:58:12,478 TC003_AccountLogin_DDT_Test.loginTest_DDT() - login details passed and login button clicked...
[INFO ] 2024-10-29 19:58:23,687 TC003_AccountLogin_DDT_Test.loginTest_DDT() - test passed...
[INFO ] 2024-10-29 19:58:23,687 TC003_AccountLogin_DDT_Test.loginTest_DDT() - *****test finished...*****
[INFO ] 2024-10-29 19:58:23,696 TC003_AccountLogin_DDT_Test.loginTest_DDT() - *****************************
[INFO ] 2024-10-29 19:58:23,696 TC003_AccountLogin_DDT_Test.loginTest_DDT() - class testCases.TC003_AccountLogin_DDT_Test*****loginTest_DDT test has started...****
[INFO ] 2024-10-29 19:58:24,595 TC003_AccountLogin_DDT_Test.loginTest_DDT() - login link clicked...
[INFO ] 2024-10-29 19:58:24,950 TC003_AccountLogin_DDT_Test.loginTest_DDT() - login details passed and login button clicked...
[INFO ] 2024-10-29 19:58:35,905 TC003_AccountLogin_DDT_Test.loginTest_DDT() - test passed...
[INFO ] 2024-10-29 19:58:35,906 TC003_AccountLogin_DDT_Test.loginTest_DDT() - *****test finished...*****
[INFO ] 2024-10-29 19:59:09,814 Utils.info() - [TestNG] Running:
  D:\MyJava_WS\Opencartv3\master.xml

[INFO ] 2024-10-29 20:00:14,404 Utils.info() - [TestNG] Running:
  D:\MyJava_WS\Opencartv3\master.xml

[INFO ] 2024-10-29 20:00:29,658 TC003_AccountLogin_DDT_Test.loginTest_DDT() - *****************************
[INFO ] 2024-10-29 20:00:29,659 TC003_AccountLogin_DDT_Test.loginTest_DDT() - class testCases.TC003_AccountLogin_DDT_Test*****loginTest_DDT test has started...****
[INFO ] 2024-10-29 20:00:31,503 TC003_AccountLogin_DDT_Test.loginTest_DDT() - login link clicked...
[INFO ] 2024-10-29 20:00:32,031 TC003_AccountLogin_DDT_Test.loginTest_DDT() - login details passed and login button clicked...
[INFO ] 2024-10-29 20:00:33,811 TC003_AccountLogin_DDT_Test.loginTest_DDT() - test passed...
[INFO ] 2024-10-29 20:00:35,524 TC003_AccountLogin_DDT_Test.loginTest_DDT() - account logged out...
[INFO ] 2024-10-29 20:00:35,525 TC003_AccountLogin_DDT_Test.loginTest_DDT() - *****test finished...*****
[INFO ] 2024-10-29 20:00:35,548 TC003_AccountLogin_DDT_Test.loginTest_DDT() - *****************************
[INFO ] 2024-10-29 20:00:35,548 TC003_AccountLogin_DDT_Test.loginTest_DDT() - class testCases.TC003_AccountLogin_DDT_Test*****loginTest_DDT test has started...****
[INFO ] 2024-10-29 20:00:37,298 TC003_AccountLogin_DDT_Test.loginTest_DDT() - login link clicked...
[INFO ] 2024-10-29 20:00:37,784 TC003_AccountLogin_DDT_Test.loginTest_DDT() - login details passed and login button clicked...
[INFO ] 2024-10-29 20:00:49,586 TC003_AccountLogin_DDT_Test.loginTest_DDT() - test passed...
[INFO ] 2024-10-29 20:00:49,587 TC003_AccountLogin_DDT_Test.loginTest_DDT() - *****test finished...*****
[INFO ] 2024-10-29 20:00:49,603 TC003_AccountLogin_DDT_Test.loginTest_DDT() - *****************************
[INFO ] 2024-10-29 20:00:49,604 TC003_AccountLogin_DDT_Test.loginTest_DDT() - class testCases.TC003_AccountLogin_DDT_Test*****loginTest_DDT test has started...****
[INFO ] 2024-10-29 20:00:51,326 TC003_AccountLogin_DDT_Test.loginTest_DDT() - login link clicked...
[INFO ] 2024-10-29 20:00:51,773 TC003_AccountLogin_DDT_Test.loginTest_DDT() - login details passed and login button clicked...
[INFO ] 2024-10-29 20:01:03,550 TC003_AccountLogin_DDT_Test.loginTest_DDT() - test passed...
[INFO ] 2024-10-29 20:01:03,551 TC003_AccountLogin_DDT_Test.loginTest_DDT() - *****test finished...*****
[INFO ] 2024-10-29 20:01:03,556 TC003_AccountLogin_DDT_Test.loginTest_DDT() - *****************************
[INFO ] 2024-10-29 20:01:03,557 TC003_AccountLogin_DDT_Test.loginTest_DDT() - class testCases.TC003_AccountLogin_DDT_Test*****loginTest_DDT test has started...****
[INFO ] 2024-10-29 20:01:04,514 TC003_AccountLogin_DDT_Test.loginTest_DDT() - login link clicked...
[INFO ] 2024-10-29 20:01:04,838 TC003_AccountLogin_DDT_Test.loginTest_DDT() - login details passed and login button clicked...
[INFO ] 2024-10-29 20:01:16,061 TC003_AccountLogin_DDT_Test.loginTest_DDT() - test passed...
[INFO ] 2024-10-29 20:01:16,062 TC003_AccountLogin_DDT_Test.loginTest_DDT() - *****test finished...*****
[INFO ] 2024-10-29 20:01:16,068 TC003_AccountLogin_DDT_Test.loginTest_DDT() - *****************************
[INFO ] 2024-10-29 20:01:16,069 TC003_AccountLogin_DDT_Test.loginTest_DDT() - class testCases.TC003_AccountLogin_DDT_Test*****loginTest_DDT test has started...****
[INFO ] 2024-10-29 20:01:16,888 TC003_AccountLogin_DDT_Test.loginTest_DDT() - login link clicked...
[INFO ] 2024-10-29 20:01:17,274 TC003_AccountLogin_DDT_Test.loginTest_DDT() - login details passed and login button clicked...
[INFO ] 2024-10-29 20:01:18,356 TC003_AccountLogin_DDT_Test.loginTest_DDT() - test passed...
[INFO ] 2024-10-29 20:01:19,347 TC003_AccountLogin_DDT_Test.loginTest_DDT() - account logged out...
[INFO ] 2024-10-29 20:01:19,348 TC003_AccountLogin_DDT_Test.loginTest_DDT() - *****test finished...*****
[INFO ] 2024-10-29 20:07:03,298 Utils.info() - [TestNG] Running:
  D:\MyJava_WS\Opencartv3\master.xml

[INFO ] 2024-10-29 20:07:54,862 Utils.info() - [TestNG] Running:
  D:\MyJava_WS\Opencartv3\master.xml

[INFO ] 2024-10-29 20:08:09,852 TC003_AccountLogin_DDT_Test.loginTest_DDT() - *****************************
[INFO ] 2024-10-29 20:08:09,853 TC003_AccountLogin_DDT_Test.loginTest_DDT() - class testCases.TC003_AccountLogin_DDT_Test*****loginTest_DDT test has started...****
[INFO ] 2024-10-29 20:08:11,970 TC003_AccountLogin_DDT_Test.loginTest_DDT() - login link clicked...
[INFO ] 2024-10-29 20:08:12,515 TC003_AccountLogin_DDT_Test.loginTest_DDT() - login details passed and login button clicked...
[INFO ] 2024-10-29 20:08:14,104 TC003_AccountLogin_DDT_Test.loginTest_DDT() - test passed...
[INFO ] 2024-10-29 20:08:15,563 TC003_AccountLogin_DDT_Test.loginTest_DDT() - account logged out...
[INFO ] 2024-10-29 20:08:15,563 TC003_AccountLogin_DDT_Test.loginTest_DDT() - *****test finished...*****
[INFO ] 2024-10-29 20:08:15,593 TC003_AccountLogin_DDT_Test.loginTest_DDT() - *****************************
[INFO ] 2024-10-29 20:08:15,594 TC003_AccountLogin_DDT_Test.loginTest_DDT() - class testCases.TC003_AccountLogin_DDT_Test*****loginTest_DDT test has started...****
[INFO ] 2024-10-29 20:08:16,892 TC003_AccountLogin_DDT_Test.loginTest_DDT() - login link clicked...
[INFO ] 2024-10-29 20:08:17,321 TC003_AccountLogin_DDT_Test.loginTest_DDT() - login details passed and login button clicked...
[INFO ] 2024-10-29 20:08:29,220 TC003_AccountLogin_DDT_Test.loginTest_DDT() - test passed...
[INFO ] 2024-10-29 20:08:29,220 TC003_AccountLogin_DDT_Test.loginTest_DDT() - *****test finished...*****
[INFO ] 2024-10-29 20:08:29,255 TC003_AccountLogin_DDT_Test.loginTest_DDT() - *****************************
[INFO ] 2024-10-29 20:08:29,256 TC003_AccountLogin_DDT_Test.loginTest_DDT() - class testCases.TC003_AccountLogin_DDT_Test*****loginTest_DDT test has started...****
[INFO ] 2024-10-29 20:08:30,977 TC003_AccountLogin_DDT_Test.loginTest_DDT() - login link clicked...
[INFO ] 2024-10-29 20:08:31,409 TC003_AccountLogin_DDT_Test.loginTest_DDT() - login details passed and login button clicked...
[INFO ] 2024-10-29 20:08:43,055 TC003_AccountLogin_DDT_Test.loginTest_DDT() - test passed...
[INFO ] 2024-10-29 20:08:43,056 TC003_AccountLogin_DDT_Test.loginTest_DDT() - *****test finished...*****
[INFO ] 2024-10-29 20:08:43,064 TC003_AccountLogin_DDT_Test.loginTest_DDT() - *****************************
[INFO ] 2024-10-29 20:08:43,065 TC003_AccountLogin_DDT_Test.loginTest_DDT() - class testCases.TC003_AccountLogin_DDT_Test*****loginTest_DDT test has started...****
[INFO ] 2024-10-29 20:08:44,093 TC003_AccountLogin_DDT_Test.loginTest_DDT() - login link clicked...
[INFO ] 2024-10-29 20:08:44,433 TC003_AccountLogin_DDT_Test.loginTest_DDT() - login details passed and login button clicked...
[INFO ] 2024-10-29 20:08:55,968 TC003_AccountLogin_DDT_Test.loginTest_DDT() - test passed...
[INFO ] 2024-10-29 20:08:55,969 TC003_AccountLogin_DDT_Test.loginTest_DDT() - *****test finished...*****
[INFO ] 2024-10-29 20:08:55,985 TC003_AccountLogin_DDT_Test.loginTest_DDT() - *****************************
[INFO ] 2024-10-29 20:08:55,985 TC003_AccountLogin_DDT_Test.loginTest_DDT() - class testCases.TC003_AccountLogin_DDT_Test*****loginTest_DDT test has started...****
[INFO ] 2024-10-29 20:08:56,816 TC003_AccountLogin_DDT_Test.loginTest_DDT() - login link clicked...
[INFO ] 2024-10-29 20:08:57,209 TC003_AccountLogin_DDT_Test.loginTest_DDT() - login details passed and login button clicked...
[INFO ] 2024-10-29 20:08:58,301 TC003_AccountLogin_DDT_Test.loginTest_DDT() - test passed...
[INFO ] 2024-10-29 20:08:59,802 TC003_AccountLogin_DDT_Test.loginTest_DDT() - account logged out...
[INFO ] 2024-10-29 20:08:59,802 TC003_AccountLogin_DDT_Test.loginTest_DDT() - *****test finished...*****
[INFO ] 2024-10-29 20:17:32,965 Utils.info() - [TestNG] Running:
  D:\MyJava_WS\Opencartv3\master.xml

[INFO ] 2024-10-29 20:17:45,797 TC003_AccountLogin_DDT_Test.loginTest_DDT() - *****************************
[INFO ] 2024-10-29 20:17:45,797 TC003_AccountLogin_DDT_Test.loginTest_DDT() - class testCases.TC003_AccountLogin_DDT_Test*****loginTest_DDT test has started...****
[INFO ] 2024-10-29 20:17:47,095 TC003_AccountLogin_DDT_Test.loginTest_DDT() - login link clicked...
[INFO ] 2024-10-29 20:17:47,409 TC003_AccountLogin_DDT_Test.loginTest_DDT() - login details passed and login button clicked...
[INFO ] 2024-10-29 20:17:48,891 TC003_AccountLogin_DDT_Test.loginTest_DDT() - test passed...
[INFO ] 2024-10-29 20:17:50,033 TC003_AccountLogin_DDT_Test.loginTest_DDT() - account logged out...
[INFO ] 2024-10-29 20:17:50,034 TC003_AccountLogin_DDT_Test.loginTest_DDT() - *****test finished...*****
[INFO ] 2024-10-29 20:17:50,057 TC003_AccountLogin_DDT_Test.loginTest_DDT() - *****************************
[INFO ] 2024-10-29 20:17:50,058 TC003_AccountLogin_DDT_Test.loginTest_DDT() - class testCases.TC003_AccountLogin_DDT_Test*****loginTest_DDT test has started...****
[INFO ] 2024-10-29 20:17:50,990 TC003_AccountLogin_DDT_Test.loginTest_DDT() - login link clicked...
[INFO ] 2024-10-29 20:17:51,276 TC003_AccountLogin_DDT_Test.loginTest_DDT() - login details passed and login button clicked...
[INFO ] 2024-10-29 20:18:02,186 TC003_AccountLogin_DDT_Test.loginTest_DDT() - test passed...
[INFO ] 2024-10-29 20:18:02,186 TC003_AccountLogin_DDT_Test.loginTest_DDT() - *****test finished...*****
[INFO ] 2024-10-29 20:18:02,196 TC003_AccountLogin_DDT_Test.loginTest_DDT() - *****************************
[INFO ] 2024-10-29 20:18:02,197 TC003_AccountLogin_DDT_Test.loginTest_DDT() - class testCases.TC003_AccountLogin_DDT_Test*****loginTest_DDT test has started...****
[INFO ] 2024-10-29 20:18:03,069 TC003_AccountLogin_DDT_Test.loginTest_DDT() - login link clicked...
[INFO ] 2024-10-29 20:18:03,411 TC003_AccountLogin_DDT_Test.loginTest_DDT() - login details passed and login button clicked...
[INFO ] 2024-10-29 20:18:14,407 TC003_AccountLogin_DDT_Test.loginTest_DDT() - test passed...
[INFO ] 2024-10-29 20:18:14,408 TC003_AccountLogin_DDT_Test.loginTest_DDT() - *****test finished...*****
[INFO ] 2024-10-29 20:18:14,415 TC003_AccountLogin_DDT_Test.loginTest_DDT() - *****************************
[INFO ] 2024-10-29 20:18:14,416 TC003_AccountLogin_DDT_Test.loginTest_DDT() - class testCases.TC003_AccountLogin_DDT_Test*****loginTest_DDT test has started...****
[INFO ] 2024-10-29 20:18:15,101 TC003_AccountLogin_DDT_Test.loginTest_DDT() - login link clicked...
[INFO ] 2024-10-29 20:18:15,359 TC003_AccountLogin_DDT_Test.loginTest_DDT() - login details passed and login button clicked...
[INFO ] 2024-10-29 20:18:26,795 TC003_AccountLogin_DDT_Test.loginTest_DDT() - test passed...
[INFO ] 2024-10-29 20:18:26,796 TC003_AccountLogin_DDT_Test.loginTest_DDT() - *****test finished...*****
[INFO ] 2024-10-29 20:18:26,799 TC003_AccountLogin_DDT_Test.loginTest_DDT() - *****************************
[INFO ] 2024-10-29 20:18:26,800 TC003_AccountLogin_DDT_Test.loginTest_DDT() - class testCases.TC003_AccountLogin_DDT_Test*****loginTest_DDT test has started...****
[INFO ] 2024-10-29 20:18:27,407 TC003_AccountLogin_DDT_Test.loginTest_DDT() - login link clicked...
[INFO ] 2024-10-29 20:18:27,626 TC003_AccountLogin_DDT_Test.loginTest_DDT() - login details passed and login button clicked...
[INFO ] 2024-10-29 20:18:28,490 TC003_AccountLogin_DDT_Test.loginTest_DDT() - test passed...
[INFO ] 2024-10-29 20:18:29,522 TC003_AccountLogin_DDT_Test.loginTest_DDT() - account logged out...
[INFO ] 2024-10-29 20:18:29,523 TC003_AccountLogin_DDT_Test.loginTest_DDT() - *****test finished...*****
[INFO ] 2024-10-29 20:27:57,365 Utils.info() - [TestNG] Running:
  D:\MyJava_WS\Opencartv3\master.xml

[INFO ] 2024-10-29 20:28:15,403 TC003_AccountLogin_DDT_Test.loginTest_DDT() - *****************************
[INFO ] 2024-10-29 20:28:15,403 TC003_AccountLogin_DDT_Test.loginTest_DDT() - class testCases.TC003_AccountLogin_DDT_Test*****loginTest_DDT test has started...****
[INFO ] 2024-10-29 20:28:19,189 TC003_AccountLogin_DDT_Test.loginTest_DDT() - login link clicked...
[INFO ] 2024-10-29 20:28:19,612 TC003_AccountLogin_DDT_Test.loginTest_DDT() - login details passed and login button clicked...
[INFO ] 2024-10-29 20:28:21,081 TC003_AccountLogin_DDT_Test.loginTest_DDT() - test passed...
[INFO ] 2024-10-29 20:28:22,471 TC003_AccountLogin_DDT_Test.loginTest_DDT() - account logged out...
[INFO ] 2024-10-29 20:28:22,473 TC003_AccountLogin_DDT_Test.loginTest_DDT() - *****test finished...*****
[INFO ] 2024-10-29 20:28:22,480 TC003_AccountLogin_DDT_Test.loginTest_DDT() - *****************************
[INFO ] 2024-10-29 20:28:22,481 TC003_AccountLogin_DDT_Test.loginTest_DDT() - class testCases.TC003_AccountLogin_DDT_Test*****loginTest_DDT test has started...****
[INFO ] 2024-10-29 20:28:23,820 TC003_AccountLogin_DDT_Test.loginTest_DDT() - login link clicked...
[INFO ] 2024-10-29 20:28:24,092 TC003_AccountLogin_DDT_Test.loginTest_DDT() - login details passed and login button clicked...
[INFO ] 2024-10-29 20:28:35,260 TC003_AccountLogin_DDT_Test.loginTest_DDT() - test passed...
[INFO ] 2024-10-29 20:28:35,260 TC003_AccountLogin_DDT_Test.loginTest_DDT() - *****test finished...*****
[INFO ] 2024-10-29 20:28:35,264 TC003_AccountLogin_DDT_Test.loginTest_DDT() - *****************************
[INFO ] 2024-10-29 20:28:35,265 TC003_AccountLogin_DDT_Test.loginTest_DDT() - class testCases.TC003_AccountLogin_DDT_Test*****loginTest_DDT test has started...****
[INFO ] 2024-10-29 20:28:36,037 TC003_AccountLogin_DDT_Test.loginTest_DDT() - login link clicked...
[INFO ] 2024-10-29 20:28:36,384 TC003_AccountLogin_DDT_Test.loginTest_DDT() - login details passed and login button clicked...
[INFO ] 2024-10-29 20:28:47,436 TC003_AccountLogin_DDT_Test.loginTest_DDT() - test passed...
[INFO ] 2024-10-29 20:28:47,436 TC003_AccountLogin_DDT_Test.loginTest_DDT() - *****test finished...*****
[INFO ] 2024-10-29 20:28:47,442 TC003_AccountLogin_DDT_Test.loginTest_DDT() - *****************************
[INFO ] 2024-10-29 20:28:47,442 TC003_AccountLogin_DDT_Test.loginTest_DDT() - class testCases.TC003_AccountLogin_DDT_Test*****loginTest_DDT test has started...****
[INFO ] 2024-10-29 20:28:48,291 TC003_AccountLogin_DDT_Test.loginTest_DDT() - login link clicked...
[INFO ] 2024-10-29 20:28:48,605 TC003_AccountLogin_DDT_Test.loginTest_DDT() - login details passed and login button clicked...
[INFO ] 2024-10-29 20:28:59,632 TC003_AccountLogin_DDT_Test.loginTest_DDT() - test passed...
[INFO ] 2024-10-29 20:28:59,632 TC003_AccountLogin_DDT_Test.loginTest_DDT() - *****test finished...*****
[INFO ] 2024-10-29 20:28:59,636 TC003_AccountLogin_DDT_Test.loginTest_DDT() - *****************************
[INFO ] 2024-10-29 20:28:59,637 TC003_AccountLogin_DDT_Test.loginTest_DDT() - class testCases.TC003_AccountLogin_DDT_Test*****loginTest_DDT test has started...****
[INFO ] 2024-10-29 20:29:00,315 TC003_AccountLogin_DDT_Test.loginTest_DDT() - login link clicked...
[INFO ] 2024-10-29 20:29:00,625 TC003_AccountLogin_DDT_Test.loginTest_DDT() - login details passed and login button clicked...
[INFO ] 2024-10-29 20:29:01,621 TC003_AccountLogin_DDT_Test.loginTest_DDT() - test passed...
[INFO ] 2024-10-29 20:29:03,004 TC003_AccountLogin_DDT_Test.loginTest_DDT() - account logged out...
[INFO ] 2024-10-29 20:29:03,005 TC003_AccountLogin_DDT_Test.loginTest_DDT() - *****test finished...*****
[INFO ] 2024-10-29 20:32:42,361 Utils.info() - [TestNG] Running:
  D:\MyJava_WS\Opencartv3\master.xml

[INFO ] 2024-10-29 20:32:57,579 TC003_AccountLogin_DDT_Test.loginTest_DDT() - *****************************
[INFO ] 2024-10-29 20:32:57,581 TC003_AccountLogin_DDT_Test.loginTest_DDT() - class testCases.TC003_AccountLogin_DDT_Test*****loginTest_DDT test has started...****
[INFO ] 2024-10-29 20:32:59,599 TC003_AccountLogin_DDT_Test.loginTest_DDT() - login link clicked...
[INFO ] 2024-10-29 20:33:00,012 TC003_AccountLogin_DDT_Test.loginTest_DDT() - login details passed and login button clicked...
[INFO ] 2024-10-29 20:33:01,776 TC003_AccountLogin_DDT_Test.loginTest_DDT() - test passed...
[INFO ] 2024-10-29 20:33:03,026 TC003_AccountLogin_DDT_Test.loginTest_DDT() - account logged out...
[INFO ] 2024-10-29 20:33:03,027 TC003_AccountLogin_DDT_Test.loginTest_DDT() - *****test finished...*****
[INFO ] 2024-10-29 20:33:03,048 TC003_AccountLogin_DDT_Test.loginTest_DDT() - *****************************
[INFO ] 2024-10-29 20:33:03,049 TC003_AccountLogin_DDT_Test.loginTest_DDT() - class testCases.TC003_AccountLogin_DDT_Test*****loginTest_DDT test has started...****
[INFO ] 2024-10-29 20:33:04,347 TC003_AccountLogin_DDT_Test.loginTest_DDT() - login link clicked...
[INFO ] 2024-10-29 20:33:04,777 TC003_AccountLogin_DDT_Test.loginTest_DDT() - login details passed and login button clicked...
[INFO ] 2024-10-29 20:33:16,130 TC003_AccountLogin_DDT_Test.loginTest_DDT() - test passed...
[INFO ] 2024-10-29 20:33:16,130 TC003_AccountLogin_DDT_Test.loginTest_DDT() - *****test finished...*****
[INFO ] 2024-10-29 20:33:16,136 TC003_AccountLogin_DDT_Test.loginTest_DDT() - *****************************
[INFO ] 2024-10-29 20:33:16,138 TC003_AccountLogin_DDT_Test.loginTest_DDT() - class testCases.TC003_AccountLogin_DDT_Test*****loginTest_DDT test has started...****
[INFO ] 2024-10-29 20:33:17,156 TC003_AccountLogin_DDT_Test.loginTest_DDT() - login link clicked...
[INFO ] 2024-10-29 20:33:17,625 TC003_AccountLogin_DDT_Test.loginTest_DDT() - login details passed and login button clicked...
[INFO ] 2024-10-29 20:33:28,704 TC003_AccountLogin_DDT_Test.loginTest_DDT() - test passed...
[INFO ] 2024-10-29 20:33:28,704 TC003_AccountLogin_DDT_Test.loginTest_DDT() - *****test finished...*****
[INFO ] 2024-10-29 20:33:28,708 TC003_AccountLogin_DDT_Test.loginTest_DDT() - *****************************
[INFO ] 2024-10-29 20:33:28,708 TC003_AccountLogin_DDT_Test.loginTest_DDT() - class testCases.TC003_AccountLogin_DDT_Test*****loginTest_DDT test has started...****
[INFO ] 2024-10-29 20:33:30,588 TC003_AccountLogin_DDT_Test.loginTest_DDT() - login link clicked...
[INFO ] 2024-10-29 20:33:30,968 TC003_AccountLogin_DDT_Test.loginTest_DDT() - login details passed and login button clicked...
[INFO ] 2024-10-29 20:33:42,377 TC003_AccountLogin_DDT_Test.loginTest_DDT() - test passed...
[INFO ] 2024-10-29 20:33:42,378 TC003_AccountLogin_DDT_Test.loginTest_DDT() - *****test finished...*****
[INFO ] 2024-10-29 20:33:42,384 TC003_AccountLogin_DDT_Test.loginTest_DDT() - *****************************
[INFO ] 2024-10-29 20:33:42,384 TC003_AccountLogin_DDT_Test.loginTest_DDT() - class testCases.TC003_AccountLogin_DDT_Test*****loginTest_DDT test has started...****
[INFO ] 2024-10-29 20:33:43,242 TC003_AccountLogin_DDT_Test.loginTest_DDT() - login link clicked...
[INFO ] 2024-10-29 20:33:43,594 TC003_AccountLogin_DDT_Test.loginTest_DDT() - login details passed and login button clicked...
[INFO ] 2024-10-29 20:33:44,574 TC003_AccountLogin_DDT_Test.loginTest_DDT() - test passed...
[INFO ] 2024-10-29 20:33:45,676 TC003_AccountLogin_DDT_Test.loginTest_DDT() - account logged out...
[INFO ] 2024-10-29 20:33:45,677 TC003_AccountLogin_DDT_Test.loginTest_DDT() - *****test finished...*****
[INFO ] 2024-10-29 20:33:45,689 TC003_AccountLogin_DDT_Test.loginTest_DDT() - *****************************
[INFO ] 2024-10-29 20:33:45,690 TC003_AccountLogin_DDT_Test.loginTest_DDT() - class testCases.TC003_AccountLogin_DDT_Test*****loginTest_DDT test has started...****
[INFO ] 2024-10-29 20:33:46,739 TC003_AccountLogin_DDT_Test.loginTest_DDT() - login link clicked...
[INFO ] 2024-10-29 20:33:47,189 TC003_AccountLogin_DDT_Test.loginTest_DDT() - login details passed and login button clicked...
[INFO ] 2024-10-29 20:33:48,159 TC003_AccountLogin_DDT_Test.loginTest_DDT() - test failed...
[INFO ] 2024-11-04 14:48:49,905 Utils.info() - [TestNG] Running:
  D:\MyJava_WS\Opencartv3\grouping.xml

[INFO ] 2024-11-04 14:52:37,570 Utils.info() - [TestNG] Running:
  D:\MyJava_WS\Opencartv3\grouping.xml

